<?xml version="1.0" encoding="UTF-8"?><testsuite name="nosetests" tests="43" errors="0" failures="0" skip="0"><testcase classname="units.module_utils.test_keycloak_utils.KeycloakIsDictEqualsTestCase" name="test_equals_with_dict2_bigger_than_dict1" time="0.000"></testcase><testcase classname="units.module_utils.test_keycloak_utils.KeycloakIsDictEqualsTestCase" name="test_equals_with_dict5_contain_bool_and_dict6_contain_true_tring" time="0.000"></testcase><testcase classname="units.module_utils.test_keycloak_utils.KeycloakIsDictEqualsTestCase" name="test_not_equals_with_dict1_different_than_dict3" time="0.000"></testcase><testcase classname="units.module_utils.test_keycloak_utils.KeycloakIsDictEqualsTestCase" name="test_not_equals_with_dict2_bigger_than_dict1" time="0.000"></testcase><testcase classname="units.module_utils.test_keycloak_utils.KeycloakIsDictEqualsTestCase" name="test_trivial" time="0.000"></testcase><testcase classname="units.modules.identity.keycloak.test_keycloak_authentication.KeycloakGroupTestCase" name="test_authentication_flow_not_changed" time="1.016"></testcase><testcase classname="units.modules.identity.keycloak.test_keycloak_authentication.KeycloakGroupTestCase" name="test_create_authentication_flow" time="0.240"></testcase><testcase classname="units.modules.identity.keycloak.test_keycloak_authentication.KeycloakGroupTestCase" name="test_create_authentication_flow_without_copy" time="0.206"></testcase><testcase classname="units.modules.identity.keycloak.test_keycloak_authentication.KeycloakGroupTestCase" name="test_delete_authentication_flow" time="0.314"></testcase><testcase classname="units.modules.identity.keycloak.test_keycloak_authentication.KeycloakGroupTestCase" name="test_modify_authentication_flow" time="0.474"></testcase><testcase classname="units.modules.identity.keycloak.test_keycloak_client.KeycloakClientTestCase" name="test_client_not_changed" time="0.397"></testcase><testcase classname="units.modules.identity.keycloak.test_keycloak_client.KeycloakClientTestCase" name="test_create_client" time="0.194"></testcase><testcase classname="units.modules.identity.keycloak.test_keycloak_client.KeycloakClientTestCase" name="test_delete_client" time="0.231"></testcase><testcase classname="units.modules.identity.keycloak.test_keycloak_client.KeycloakClientTestCase" name="test_modify_client" time="0.323"><system-out><![CDATA[{'changed': True, 'ansible_facts': {'clientSecret': {u'type': u'secret', u'value': u'6f606477-7aff-4b09-825b-85f057292081'}, 'composites': [], 'clientRoles': [{u'description': u'test2', u'composite': True, u'scopeParamRequired': False, u'clientRole': True, u'id': u'be1b2942-b643-404f-99ec-5d26b6a4e460', u'containerId': u'5423283a-b91c-418b-9006-3b95d9dafce9', u'name': u'test2'}, {u'description': u'test1', u'composite': False, u'scopeParamRequired': False, u'clientRole': True, u'id': u'37ec8203-68a8-4533-98ca-d453501d69ba', u'containerId': u'5423283a-b91c-418b-9006-3b95d9dafce9', u'name': u'test1'}], 'client': {u'publicClient': False, u'protocol': u'openid-connect', u'directAccessGrantsEnabled': True, u'useTemplateConfig': False, u'nodeReRegistrationTimeout': -1, u'id': u'5423283a-b91c-418b-9006-3b95d9dafce9', u'consentRequired': False, u'rootUrl': u'http://test3.com:8080', u'surrogateAuthRequired': False, u'notBefore': 0, u'access': {u'manage': True, u'configure': True, u'view': True}, u'protocolMappers': [{u'protocol': u'saml', u'name': u'role list', u'protocolMapper': u'saml-role-list-mapper', u'config': {u'single': u'false', u'attribute.name': u'Role', u'attribute.nameformat': u'Basic'}, u'id': u'e1a73d64-4135-4ba8-a64e-2a73b6916ba1', u'consentRequired': False}, {u'protocol': u'openid-connect', u'name': u'test2Mapper', u'protocolMapper': u'oidc-usermodel-attribute-mapper', u'config': {u'jsonType.label': u'String', u'id.token.claim': u'true', u'userinfo.token.claim': u'true', u'user.attribute': u'test2', u'multivalued': u'false', u'claim.name': u'test2', u'access.token.claim': u'true'}, u'id': u'63b0922c-6dc3-4795-abbe-c4d6b570be39', u'consentRequired': False}, {u'protocol': u'openid-connect', u'name': u'given name', u'protocolMapper': u'oidc-usermodel-property-mapper', u'consentText': u'${givenName}', u'config': {u'jsonType.label': u'String', u'id.token.claim': u'true', u'userinfo.token.claim': u'true', u'user.attribute': u'firstName', u'claim.name': u'given_name', u'access.token.claim': u'true'}, u'id': u'633f272d-9cee-45e6-9d3d-b2840a3d6064', u'consentRequired': True}, {u'protocol': u'openid-connect', u'name': u'family name', u'protocolMapper': u'oidc-usermodel-property-mapper', u'consentText': u'${familyName}', u'config': {u'jsonType.label': u'String', u'id.token.claim': u'true', u'userinfo.token.claim': u'true', u'user.attribute': u'lastName', u'claim.name': u'family_name', u'access.token.claim': u'true'}, u'id': u'70652e82-e03d-4806-ab79-2b2e73aa8c2b', u'consentRequired': True}, {u'protocol': u'openid-connect', u'name': u'full name', u'protocolMapper': u'oidc-full-name-mapper', u'consentText': u'${fullName}', u'config': {u'id.token.claim': u'true', u'access.token.claim': u'true'}, u'id': u'9f2de41a-9fca-474c-bf34-00eafba6ef92', u'consentRequired': True}, {u'protocol': u'openid-connect', u'name': u'test1Mapper', u'protocolMapper': u'oidc-usermodel-attribute-mapper', u'config': {u'jsonType.label': u'String', u'id.token.claim': u'true', u'userinfo.token.claim': u'false', u'user.attribute': u'test12', u'multivalued': u'false', u'claim.name': u'test12', u'access.token.claim': u'true'}, u'id': u'5838f130-ea17-45d5-b89b-15f1aeeadf10', u'consentRequired': False}, {u'protocol': u'openid-connect', u'name': u'email', u'protocolMapper': u'oidc-usermodel-property-mapper', u'consentText': u'${email}', u'config': {u'jsonType.label': u'String', u'id.token.claim': u'true', u'userinfo.token.claim': u'true', u'user.attribute': u'email', u'claim.name': u'email', u'access.token.claim': u'true'}, u'id': u'564d983c-b6f5-4228-a49b-82292bd1403a', u'consentRequired': True}, {u'protocol': u'openid-connect', u'name': u'username', u'protocolMapper': u'oidc-usermodel-property-mapper', u'consentText': u'${username}', u'config': {u'jsonType.label': u'String', u'id.token.claim': u'true', u'userinfo.token.claim': u'true', u'user.attribute': u'username', u'claim.name': u'preferred_username', u'access.token.claim': u'true'}, u'id': u'0b71cc2c-b6c9-4a2c-8e08-2e24c57e765c', u'consentRequired': True}], u'webOrigins': [u'http://test3.com:8080/secure'], u'bearerOnly': False, u'useTemplateMappers': False, u'useTemplateScope': False, u'description': u'Ceci est un test3', u'serviceAccountsEnabled': False, u'fullScopeAllowed': True, u'standardFlowEnabled': True, u'redirectUris': [u'http://test3.com:8080/secure'], u'name': u'test3', u'adminUrl': u'http://test3.com:8080/admin', u'enabled': True, u'clientId': u'test3', u'frontchannelLogout': False, u'implicitFlowEnabled': True, u'attributes': {}, u'clientAuthenticatorType': u'client-secret'}}, 'rc': 0}
]]></system-out></testcase><testcase classname="units.modules.identity.keycloak.test_keycloak_group.KeycloakGroupTestCase" name="test_create_group" time="0.134"><system-out><![CDATA[{'changed': True, 'ansible_facts': {'group': {u'name': u'test1', u'access': {u'manage': True, u'manageMembership': True, u'view': True}, u'clientRoles': {}, u'attributes': {u'attr2': [u'value2'], u'attr1': [u'value1']}, u'path': u'/test1', u'id': u'f8540497-0ec5-4557-ba5b-d8f687d516ae', u'realmRoles': [], u'subGroups': []}}, 'rc': 0}
]]></system-out></testcase><testcase classname="units.modules.identity.keycloak.test_keycloak_group.KeycloakGroupTestCase" name="test_delete_group" time="0.200"></testcase><testcase classname="units.modules.identity.keycloak.test_keycloak_group.KeycloakGroupTestCase" name="test_group_modify_force" time="0.255"></testcase><testcase classname="units.modules.identity.keycloak.test_keycloak_group.KeycloakGroupTestCase" name="test_group_not_changed" time="0.224"></testcase><testcase classname="units.modules.identity.keycloak.test_keycloak_group.KeycloakGroupTestCase" name="test_modify_group" time="0.205"></testcase><testcase classname="units.modules.identity.keycloak.test_keycloak_identity_provider.KeycloakIdentityProviderTestCase" name="test_change_client_secret" time="0.264"></testcase><testcase classname="units.modules.identity.keycloak.test_keycloak_identity_provider.KeycloakIdentityProviderTestCase" name="test_change_client_secret_without_alias" time="0.000"></testcase><testcase classname="units.modules.identity.keycloak.test_keycloak_identity_provider.KeycloakIdentityProviderTestCase" name="test_create_idp" time="0.173"></testcase><testcase classname="units.modules.identity.keycloak.test_keycloak_identity_provider.KeycloakIdentityProviderTestCase" name="test_delete_idp" time="0.274"></testcase><testcase classname="units.modules.identity.keycloak.test_keycloak_identity_provider.KeycloakIdentityProviderTestCase" name="test_idp_not_changed" time="0.287"><system-out><![CDATA[{'changed': False, 'ansible_facts': {'mappers': [{u'config': {u'claim': u'test', u'user.attribute': u'lastname'}, u'identityProviderMapper': u'oidc-user-attribute-idp-mapper', u'id': u'0b4e1e59-7346-491a-9e90-ac79fa632e87', u'identityProviderAlias': u'test1', u'name': u'test11'}, {u'config': {u'claim': u'test2', u'user.attribute': u'firstname'}, u'identityProviderMapper': u'oidc-user-attribute-idp-mapper', u'id': u'f433d30e-4713-475e-81c3-5b6e27cf4444', u'identityProviderAlias': u'test1', u'name': u'test12'}, {u'config': {u'claim': u'claimName', u'role': u'roleName', u'claim.value': u'valueThatGiveRole'}, u'identityProviderMapper': u'oidc-role-idp-mapper', u'id': u'e20a7b0b-a545-49d1-987f-f551cfb81c6a', u'identityProviderAlias': u'test1', u'name': u'test13'}], 'idp': {u'displayName': u'Test1', u'internalId': u'38146608-bc40-42f2-8dd4-281a013c9a1b', u'trustEmail': False, u'enabled': True, u'firstBrokerLoginFlowAlias': u'first broker login', u'linkOnly': False, u'alias': u'test1', u'providerId': u'oidc', u'authenticateByDefault': False, u'config': {u'tokenUrl': u'http://localhost:18081/auth/realms/master/protocol/openid-connect/token', u'clientId': u'test1', u'logoutUrl': u'http://localhost:18081/auth/realms/master/protocol/openid-connect/logout', u'disableUserInfo': u'false', u'guiOrder': u'1', u'jwksUrl': u'http://localhost:18081/auth/realms/master/protocol/openid-connect/certs', u'userInfoUrl': u'http://localhost:18081/auth/realms/master/protocol/openid-connect/userinfo', u'backchannelSupported': u'true', u'defaultScope': u'openid email profile', u'authorizationUrl': u'http://localhost:18081/auth/realms/master/protocol/openid-connect/auth', u'issuer': u'http://localhost:18081/auth/realms/master'}, u'updateProfileFirstLoginMode': u'on', u'storeToken': True, u'addReadTokenRoleOnCreate': True}}, 'rc': 0}
]]></system-out></testcase><testcase classname="units.modules.identity.keycloak.test_keycloak_identity_provider.KeycloakIdentityProviderTestCase" name="test_modify_idp" time="0.294"></testcase><testcase classname="units.modules.identity.keycloak.test_keycloak_identity_provider.KeycloakIdentityProviderTestCase" name="test_modify_idp_modify_mappers" time="0.360"></testcase><testcase classname="units.modules.identity.keycloak.test_keycloak_realm.KeycloakRealmTestCase" name="test_create_realm" time="0.589"><system-out><![CDATA[results: {'changed': True, 'ansible_facts': {'realm': {u'adminEventsDetailsEnabled': True, u'supportedLocales': [], u'accessTokenLifespanForImplicitFlow': 900, u'dockerAuthenticationFlow': u'docker auth', u'eventsListeners': [u'jboss-logging'], u'resetPasswordAllowed': False, u'otpPolicyType': u'totp', u'accessTokenLifespan': 300, u'otpSupportedApplications': [u'FreeOTP', u'Google Authenticator'], u'actionTokenGeneratedByAdminLifespan': 43200, u'registrationEmailAsUsername': False, u'offlineSessionIdleTimeout': 2592000, u'waitIncrementSeconds': 60, u'registrationFlow': u'registration', u'revokeRefreshToken': False, u'id': u'test', u'verifyEmail': False, u'accessCodeLifespanUserAction': 300, u'bruteForceProtected': False, u'otpPolicyLookAheadWindow': 1, u'realm': u'test', u'defaultRoles': [u'offline_access', u'uma_authorization'], u'notBefore': 0, u'otpPolicyPeriod': 30, u'refreshTokenMaxReuse': 0, u'editUsernameAllowed': False, u'directGrantFlow': u'direct grant', u'rememberMe': False, u'permanentLockout': False, u'minimumQuickLoginWaitSeconds': 60, u'ssoSessionMaxLifespan': 36000, u'browserSecurityHeaders': {u'xXSSProtection': u'1; mode=block', u'strictTransportSecurity': u'max-age=31536000; includeSubDomains', u'xContentTypeOptions': u'nosniff', u'xFrameOptions': u'SAMEORIGIN', u'xRobotsTag': u'none', u'contentSecurityPolicy': u"frame-src 'self'; frame-ancestors 'self'; object-src 'none';"}, u'maxFailureWaitSeconds': 900, u'resetCredentialsFlow': u'reset credentials', u'sslRequired': u'external', u'eventsEnabled': True, u'accessCodeLifespanLogin': 1800, u'ssoSessionIdleTimeout': 1800, u'otpPolicyDigits': 6, u'maxDeltaTimeSeconds': 43200, u'failureFactor': 30, u'internationalizationEnabled': False, u'passwordPolicy': u'hashIterations(20000)', u'browserFlow': u'browser', u'attributes': {u'bruteForceProtected': u'false', u'displayName': u'test', u'_browser_header.strictTransportSecurity': u'max-age=31536000; includeSubDomains', u'maxDeltaTimeSeconds': u'43200', u'failureFactor': u'30', u'_browser_header.contentSecurityPolicy': u"frame-src 'self'; frame-ancestors 'self'; object-src 'none';", u'quickLoginCheckMilliSeconds': u'1000', u'actionTokenGeneratedByUserLifespan': u'300', u'_browser_header.xRobotsTag': u'none', u'permanentLockout': u'false', u'_browser_header.xContentTypeOptions': u'nosniff', u'minimumQuickLoginWaitSeconds': u'60', u'displayNameHtml': u'ceci est un test', u'waitIncrementSeconds': u'60', u'maxFailureWaitSeconds': u'900', u'actionTokenGeneratedByAdminLifespan': u'43200', u'_browser_header.xXSSProtection': u'1; mode=block', u'_browser_header.xFrameOptions': u'SAMEORIGIN'}, u'smtpServer': {u'fromDisplayName': u'local', u'envelopeFrom': u'root@localhost', u'smtpServer.from': u'root@localhost', u'ssl': u'', u'starttls': u'', u'replyToDisplayName': u'root', u'auth': u'', u'replyTo': u'root@localhost', u'host': u'localhost', u'port': u'25'}, u'displayName': u'test', u'duplicateEmailsAllowed': False, u'adminEventsEnabled': True, u'enabled': True, u'quickLoginCheckMilliSeconds': 1000, u'actionTokenGeneratedByUserLifespan': 300, u'clientAuthenticationFlow': u'clients', u'enabledEventTypes': [u'SEND_RESET_PASSWORD', u'REMOVE_TOTP', u'REVOKE_GRANT', u'UPDATE_TOTP', u'LOGIN_ERROR', u'CLIENT_LOGIN', u'RESET_PASSWORD_ERROR', u'IMPERSONATE_ERROR', u'CODE_TO_TOKEN_ERROR', u'CUSTOM_REQUIRED_ACTION', u'IMPERSONATE', u'UPDATE_PROFILE_ERROR', u'LOGIN', u'UPDATE_PASSWORD_ERROR', u'LOGOUT', u'REGISTER', u'CLIENT_REGISTER', u'UPDATE_PASSWORD', u'CLIENT_DELETE', u'FEDERATED_IDENTITY_LINK_ERROR', u'IDENTITY_PROVIDER_FIRST_LOGIN', u'CLIENT_DELETE_ERROR', u'VERIFY_EMAIL', u'CLIENT_LOGIN_ERROR', u'EXECUTE_ACTIONS', u'REMOVE_FEDERATED_IDENTITY_ERROR', u'SEND_IDENTITY_PROVIDER_LINK_ERROR', u'SEND_VERIFY_EMAIL', u'EXECUTE_ACTIONS_ERROR', u'REMOVE_FEDERATED_IDENTITY', u'IDENTITY_PROVIDER_POST_LOGIN', u'UPDATE_EMAIL', u'REGISTER_ERROR', u'REVOKE_GRANT_ERROR', u'LOGOUT_ERROR', u'UPDATE_EMAIL_ERROR', u'CLIENT_UPDATE_ERROR', u'UPDATE_PROFILE', u'CLIENT_REGISTER_ERROR', u'FEDERATED_IDENTITY_LINK', u'SEND_IDENTITY_PROVIDER_LINK', u'SEND_VERIFY_EMAIL_ERROR', u'RESET_PASSWORD', u'REMOVE_TOTP_ERROR', u'VERIFY_EMAIL_ERROR', u'SEND_RESET_PASSWORD_ERROR', u'CLIENT_UPDATE', u'CUSTOM_REQUIRED_ACTION_ERROR', u'IDENTITY_PROVIDER_POST_LOGIN_ERROR', u'UPDATE_TOTP_ERROR', u'CODE_TO_TOKEN', u'IDENTITY_PROVIDER_FIRST_LOGIN_ERROR'], u'loginWithEmailAllowed': True, u'displayNameHtml': u'ceci est un test', u'accessCodeLifespan': 60, u'otpPolicyAlgorithm': u'HmacSHA1', u'requiredCredentials': [u'password'], u'otpPolicyInitialCounter': 0, u'registrationAllowed': False}, 'eventsConfig': {u'eventsListeners': [u'jboss-logging'], u'adminEventsDetailsEnabled': True, u'eventsEnabled': True, u'adminEventsEnabled': True, u'enabledEventTypes': [u'SEND_RESET_PASSWORD', u'REMOVE_TOTP', u'REVOKE_GRANT', u'UPDATE_TOTP', u'LOGIN_ERROR', u'CLIENT_LOGIN', u'RESET_PASSWORD_ERROR', u'IMPERSONATE_ERROR', u'CODE_TO_TOKEN_ERROR', u'CUSTOM_REQUIRED_ACTION', u'IMPERSONATE', u'UPDATE_PROFILE_ERROR', u'LOGIN', u'UPDATE_PASSWORD_ERROR', u'LOGOUT', u'REGISTER', u'CLIENT_REGISTER', u'UPDATE_PASSWORD', u'CLIENT_DELETE', u'FEDERATED_IDENTITY_LINK_ERROR', u'IDENTITY_PROVIDER_FIRST_LOGIN', u'CLIENT_DELETE_ERROR', u'VERIFY_EMAIL', u'CLIENT_LOGIN_ERROR', u'EXECUTE_ACTIONS', u'REMOVE_FEDERATED_IDENTITY_ERROR', u'SEND_IDENTITY_PROVIDER_LINK_ERROR', u'SEND_VERIFY_EMAIL', u'EXECUTE_ACTIONS_ERROR', u'REMOVE_FEDERATED_IDENTITY', u'IDENTITY_PROVIDER_POST_LOGIN', u'UPDATE_EMAIL', u'REGISTER_ERROR', u'REVOKE_GRANT_ERROR', u'LOGOUT_ERROR', u'UPDATE_EMAIL_ERROR', u'CLIENT_UPDATE_ERROR', u'UPDATE_PROFILE', u'CLIENT_REGISTER_ERROR', u'FEDERATED_IDENTITY_LINK', u'SEND_IDENTITY_PROVIDER_LINK', u'SEND_VERIFY_EMAIL_ERROR', u'RESET_PASSWORD', u'REMOVE_TOTP_ERROR', u'VERIFY_EMAIL_ERROR', u'SEND_RESET_PASSWORD_ERROR', u'CLIENT_UPDATE', u'CUSTOM_REQUIRED_ACTION_ERROR', u'IDENTITY_PROVIDER_POST_LOGIN_ERROR', u'UPDATE_TOTP_ERROR', u'CODE_TO_TOKEN', u'IDENTITY_PROVIDER_FIRST_LOGIN_ERROR']}}, 'rc': 0}
]]></system-out></testcase><testcase classname="units.modules.identity.keycloak.test_keycloak_realm.KeycloakRealmTestCase" name="test_delete_realm" time="0.789"></testcase><testcase classname="units.modules.identity.keycloak.test_keycloak_realm.KeycloakRealmTestCase" name="test_modify_realm" time="0.655"></testcase><testcase classname="units.modules.identity.keycloak.test_keycloak_role.KeycloakRoleTestCase" name="test_create_role" time="0.167"></testcase><testcase classname="units.modules.identity.keycloak.test_keycloak_role.KeycloakRoleTestCase" name="test_delete_role" time="0.279"></testcase><testcase classname="units.modules.identity.keycloak.test_keycloak_role.KeycloakRoleTestCase" name="test_modify_role" time="0.302"></testcase><testcase classname="units.modules.identity.keycloak.test_keycloak_role.KeycloakRoleTestCase" name="test_role_modify_force" time="0.389"></testcase><testcase classname="units.modules.identity.keycloak.test_keycloak_role.KeycloakRoleTestCase" name="test_role_not_changed" time="0.283"></testcase><testcase classname="units.modules.identity.keycloak.test_keycloak_user.KeycloakUserTestCase" name="test_create_user" time="0.264"><system-out><![CDATA[{'changed': True, 'ansible_facts': {'clientRoles': {'roles': ['manage-clients'], 'clientId': 'master-realm'}, 'user': {u'username': u'user1', u'access': {u'manage': True, u'manageGroupMembership': True, u'impersonate': True, u'mapRoles': True, u'view': True}, u'firstName': u'user1', u'notBefore': 0, u'emailVerified': False, u'requiredActions': [], u'enabled': True, u'email': u'user1@user.ca', u'createdTimestamp': 1528307262571, u'totp': False, u'disableableCredentialTypes': [u'password'], u'lastName': u'user1', u'attributes': {u'attr2': [u'value2'], u'attr1': [u'value1']}, u'id': u'd941da24-29ce-4941-979e-d854631aca15'}}, 'rc': 0}
]]></system-out></testcase><testcase classname="units.modules.identity.keycloak.test_keycloak_user.KeycloakUserTestCase" name="test_delete_user" time="0.309"><system-out><![CDATA[{'changed': True, 'rc': 0, 'stdout': 'deleted'}
]]></system-out></testcase><testcase classname="units.modules.identity.keycloak.test_keycloak_user.KeycloakUserTestCase" name="test_modify_user" time="0.335"><system-out><![CDATA[{'changed': True, 'ansible_facts': {'user': {u'username': u'user4', u'access': {u'manage': True, u'manageGroupMembership': True, u'impersonate': True, u'mapRoles': True, u'view': True}, u'firstName': u'user4', u'notBefore': 0, u'emailVerified': False, u'requiredActions': [], u'enabled': True, u'email': u'user4@user.ca', u'createdTimestamp': 1528307263136, u'totp': False, u'disableableCredentialTypes': [u'password'], u'lastName': u'usernew4', u'attributes': {u'attr2': [u'value2'], u'attr1': [u'value1']}, u'id': u'c58ec40c-6fc3-4e45-acbc-88710a3cfe4a'}}, 'rc': 0}
]]></system-out></testcase><testcase classname="units.modules.identity.keycloak.test_keycloak_user.KeycloakUserTestCase" name="test_user_modify_force" time="0.503"><system-out><![CDATA[{'changed': True, 'ansible_facts': {'user': {u'username': u'user3', u'access': {u'manage': True, u'manageGroupMembership': True, u'impersonate': True, u'mapRoles': True, u'view': True}, u'firstName': u'user3', u'notBefore': 0, u'emailVerified': False, u'requiredActions': [], u'enabled': True, u'email': u'user3@user.ca', u'createdTimestamp': 1528307263756, u'totp': False, u'disableableCredentialTypes': [u'password'], u'lastName': u'user3', u'attributes': {u'attr2': [u'value2'], u'attr1': [u'value1']}, u'id': u'7324ea3f-8c4b-4389-8713-ef8b89061fec'}}, 'rc': 0}
]]></system-out></testcase><testcase classname="units.modules.identity.keycloak.test_keycloak_user.KeycloakUserTestCase" name="test_user_not_changed" time="0.312"><system-out><![CDATA[{'changed': True, 'ansible_facts': {'clientRoles': {'roles': ['manage-clients'], 'clientId': 'master-realm'}, 'user': {u'username': u'user2', u'access': {u'manage': True, u'manageGroupMembership': True, u'impersonate': True, u'mapRoles': True, u'view': True}, u'firstName': u'user2', u'notBefore': 0, u'emailVerified': False, u'requiredActions': [], u'enabled': True, u'email': u'user2@user.ca', u'createdTimestamp': 1528307263978, u'totp': False, u'disableableCredentialTypes': [u'password'], u'lastName': u'user2', u'attributes': {u'attr2': [u'value2'], u'attr1': [u'value1']}, u'id': u'386acd7d-edc4-41d7-a515-26417e5b7cba'}}, 'rc': 0}
{'changed': False, 'ansible_facts': {'user': {u'username': u'user2', u'access': {u'manage': True, u'manageGroupMembership': True, u'impersonate': True, u'mapRoles': True, u'view': True}, u'firstName': u'user2', u'notBefore': 0, u'emailVerified': False, u'requiredActions': [], u'enabled': True, u'email': u'user2@user.ca', u'createdTimestamp': 1528307263978, u'totp': False, u'disableableCredentialTypes': [u'password'], u'lastName': u'user2', u'attributes': {u'attr2': [u'value2'], u'attr1': [u'value1']}, u'id': u'386acd7d-edc4-41d7-a515-26417e5b7cba'}}, 'rc': 0}
]]></system-out></testcase><testcase classname="units.modules.identity.keycloak.test_keycloak_component.KeycloakComponentTestCase" name="test_create_component_ldap_user_storage_provider" time="0.163"></testcase><testcase classname="units.modules.identity.keycloak.test_keycloak_component.KeycloakComponentTestCase" name="test_delete_component_ldap_user_storage_provider" time="0.247"></testcase><testcase classname="units.modules.identity.keycloak.test_keycloak_component.KeycloakComponentTestCase" name="test_do_not_modify_component_ldap_user_storage_provider" time="0.287"></testcase><testcase classname="units.modules.identity.keycloak.test_keycloak_component.KeycloakComponentTestCase" name="test_modify_component_ldap_user_storage_provider" time="0.305"></testcase></testsuite>