<?xml version="1.0" encoding="UTF-8"?><testsuite name="nosetests" tests="9" errors="3" failures="1" skip="0"><testcase classname="units.module_utils.test_sx5_idm_system_utils.Sx5IsDictEqualsTestCase" name="test_equals_with_dict2_bigger_than_dict1" time="0.000"></testcase><testcase classname="units.module_utils.test_sx5_idm_system_utils.Sx5IsDictEqualsTestCase" name="test_equals_with_dict5_contain_bool_and_dict6_contain_true_tring" time="0.000"></testcase><testcase classname="units.module_utils.test_sx5_idm_system_utils.Sx5IsDictEqualsTestCase" name="test_not_equals_with_dict1_different_than_dict3" time="0.000"></testcase><testcase classname="units.module_utils.test_sx5_idm_system_utils.Sx5IsDictEqualsTestCase" name="test_not_equals_with_dict2_bigger_than_dict1" time="0.000"></testcase><testcase classname="units.module_utils.test_sx5_idm_system_utils.Sx5IsDictEqualsTestCase" name="test_trivial" time="0.000"></testcase><testcase classname="units.modules.identity.sx5.test_sx5_idm_system.Sx5SystemTestCase" name="test_create_system" time="0.107"><error type="exceptions.KeyError" message="'changed'&#10;-------------------- &gt;&gt; begin captured stdout &lt;&lt; ---------------------&#10;{}&#10;&#10;--------------------- &gt;&gt; end captured stdout &lt;&lt; ----------------------&#10;-------------------- &gt;&gt; begin captured logging &lt;&lt; --------------------&#10;urllib3.connectionpool: DEBUG: Starting new HTTP connection (1): localhost&#10;urllib3.connectionpool: DEBUG: http://localhost:18081 &quot;POST /auth/realms/master/protocol/openid-connect/token HTTP/1.1&quot; 200 2035&#10;urllib3.connectionpool: DEBUG: Starting new HTTP connection (1): localhost&#10;urllib3.connectionpool: DEBUG: http://localhost:18085 &quot;GET /idm/config/systemes/search/findByNom?nom=test1 HTTP/1.1&quot; 401 None&#10;--------------------- &gt;&gt; end captured logging &lt;&lt; ---------------------"><![CDATA[  File "/usr/lib/python2.7/unittest/case.py", line 329, in run
    testMethod()
  File "/home/gauphi01@inspq.qc.ca/git/ansible/inspq/ansible/test/units/modules/identity/sx5/test_sx5_idm_system.py", line 26, in test_create_system
    self.assertTrue(results['changed'])
'\'changed\'\n-------------------- >> begin captured stdout << ---------------------\n{}\n\n--------------------- >> end captured stdout << ----------------------\n-------------------- >> begin captured logging << --------------------\nurllib3.connectionpool: DEBUG: Starting new HTTP connection (1): localhost\nurllib3.connectionpool: DEBUG: http://localhost:18081 "POST /auth/realms/master/protocol/openid-connect/token HTTP/1.1" 200 2035\nurllib3.connectionpool: DEBUG: Starting new HTTP connection (1): localhost\nurllib3.connectionpool: DEBUG: http://localhost:18085 "GET /idm/config/systemes/search/findByNom?nom=test1 HTTP/1.1" 401 None\n--------------------- >> end captured logging << ---------------------']]></error><system-out><![CDATA[{}
]]></system-out></testcase><testcase classname="units.modules.identity.sx5.test_sx5_idm_system.Sx5SystemTestCase" name="test_delete_system" time="0.200"><failure type="exceptions.AssertionError" message='False is not true&#10;-------------------- &gt;&gt; begin captured logging &lt;&lt; --------------------&#10;urllib3.connectionpool: DEBUG: Starting new HTTP connection (1): localhost&#10;urllib3.connectionpool: DEBUG: http://localhost:18081 "POST /auth/realms/master/protocol/openid-connect/token HTTP/1.1" 200 2035&#10;urllib3.connectionpool: DEBUG: Starting new HTTP connection (1): localhost&#10;urllib3.connectionpool: DEBUG: http://localhost:18085 "GET /idm/config/systemes/search/findByNom?nom=system01 HTTP/1.1" 401 None&#10;urllib3.connectionpool: DEBUG: Starting new HTTP connection (1): localhost&#10;urllib3.connectionpool: DEBUG: http://localhost:18081 "POST /auth/realms/master/protocol/openid-connect/token HTTP/1.1" 200 2035&#10;urllib3.connectionpool: DEBUG: Starting new HTTP connection (1): localhost&#10;urllib3.connectionpool: DEBUG: http://localhost:18085 "GET /idm/config/systemes/search/findByNom?nom=system01 HTTP/1.1" 401 None&#10;--------------------- &gt;&gt; end captured logging &lt;&lt; ---------------------'><![CDATA[  File "/usr/lib/python2.7/unittest/case.py", line 329, in run
    testMethod()
  File "/home/gauphi01@inspq.qc.ca/git/ansible/inspq/ansible/test/units/modules/identity/sx5/test_sx5_idm_system.py", line 94, in test_delete_system
    self.assertTrue(results['changed'])
  File "/usr/lib/python2.7/unittest/case.py", line 422, in assertTrue
    raise self.failureException(msg)
'False is not true\n-------------------- >> begin captured logging << --------------------\nurllib3.connectionpool: DEBUG: Starting new HTTP connection (1): localhost\nurllib3.connectionpool: DEBUG: http://localhost:18081 "POST /auth/realms/master/protocol/openid-connect/token HTTP/1.1" 200 2035\nurllib3.connectionpool: DEBUG: Starting new HTTP connection (1): localhost\nurllib3.connectionpool: DEBUG: http://localhost:18085 "GET /idm/config/systemes/search/findByNom?nom=system01 HTTP/1.1" 401 None\nurllib3.connectionpool: DEBUG: Starting new HTTP connection (1): localhost\nurllib3.connectionpool: DEBUG: http://localhost:18081 "POST /auth/realms/master/protocol/openid-connect/token HTTP/1.1" 200 2035\nurllib3.connectionpool: DEBUG: Starting new HTTP connection (1): localhost\nurllib3.connectionpool: DEBUG: http://localhost:18085 "GET /idm/config/systemes/search/findByNom?nom=system01 HTTP/1.1" 401 None\n--------------------- >> end captured logging << ---------------------']]></failure></testcase><testcase classname="units.modules.identity.sx5.test_sx5_idm_system.Sx5SystemTestCase" name="test_modify_system" time="0.203"><error type="exceptions.KeyError" message="'changed'&#10;-------------------- &gt;&gt; begin captured logging &lt;&lt; --------------------&#10;urllib3.connectionpool: DEBUG: Starting new HTTP connection (1): localhost&#10;urllib3.connectionpool: DEBUG: http://localhost:18081 &quot;POST /auth/realms/master/protocol/openid-connect/token HTTP/1.1&quot; 200 2035&#10;urllib3.connectionpool: DEBUG: Starting new HTTP connection (1): localhost&#10;urllib3.connectionpool: DEBUG: http://localhost:18085 &quot;GET /idm/config/systemes/search/findByNom?nom=test3 HTTP/1.1&quot; 401 None&#10;urllib3.connectionpool: DEBUG: Starting new HTTP connection (1): localhost&#10;urllib3.connectionpool: DEBUG: http://localhost:18081 &quot;POST /auth/realms/master/protocol/openid-connect/token HTTP/1.1&quot; 200 2035&#10;urllib3.connectionpool: DEBUG: Starting new HTTP connection (1): localhost&#10;urllib3.connectionpool: DEBUG: http://localhost:18085 &quot;GET /idm/config/systemes/search/findByNom?nom=test3 HTTP/1.1&quot; 401 None&#10;--------------------- &gt;&gt; end captured logging &lt;&lt; ---------------------"><![CDATA[  File "/usr/lib/python2.7/unittest/case.py", line 329, in run
    testMethod()
  File "/home/gauphi01@inspq.qc.ca/git/ansible/inspq/ansible/test/units/modules/identity/sx5/test_sx5_idm_system.py", line 71, in test_modify_system
    self.assertTrue(results['changed'])
'\'changed\'\n-------------------- >> begin captured logging << --------------------\nurllib3.connectionpool: DEBUG: Starting new HTTP connection (1): localhost\nurllib3.connectionpool: DEBUG: http://localhost:18081 "POST /auth/realms/master/protocol/openid-connect/token HTTP/1.1" 200 2035\nurllib3.connectionpool: DEBUG: Starting new HTTP connection (1): localhost\nurllib3.connectionpool: DEBUG: http://localhost:18085 "GET /idm/config/systemes/search/findByNom?nom=test3 HTTP/1.1" 401 None\nurllib3.connectionpool: DEBUG: Starting new HTTP connection (1): localhost\nurllib3.connectionpool: DEBUG: http://localhost:18081 "POST /auth/realms/master/protocol/openid-connect/token HTTP/1.1" 200 2035\nurllib3.connectionpool: DEBUG: Starting new HTTP connection (1): localhost\nurllib3.connectionpool: DEBUG: http://localhost:18085 "GET /idm/config/systemes/search/findByNom?nom=test3 HTTP/1.1" 401 None\n--------------------- >> end captured logging << ---------------------']]></error></testcase><testcase classname="units.modules.identity.sx5.test_sx5_idm_system.Sx5SystemTestCase" name="test_system_not_changed" time="0.190"><error type="exceptions.KeyError" message="'changed'&#10;-------------------- &gt;&gt; begin captured logging &lt;&lt; --------------------&#10;urllib3.connectionpool: DEBUG: Starting new HTTP connection (1): localhost&#10;urllib3.connectionpool: DEBUG: http://localhost:18081 &quot;POST /auth/realms/master/protocol/openid-connect/token HTTP/1.1&quot; 200 2035&#10;urllib3.connectionpool: DEBUG: Starting new HTTP connection (1): localhost&#10;urllib3.connectionpool: DEBUG: http://localhost:18085 &quot;GET /idm/config/systemes/search/findByNom?nom=test2 HTTP/1.1&quot; 401 None&#10;urllib3.connectionpool: DEBUG: Starting new HTTP connection (1): localhost&#10;urllib3.connectionpool: DEBUG: http://localhost:18081 &quot;POST /auth/realms/master/protocol/openid-connect/token HTTP/1.1&quot; 200 2035&#10;urllib3.connectionpool: DEBUG: Starting new HTTP connection (1): localhost&#10;urllib3.connectionpool: DEBUG: http://localhost:18085 &quot;GET /idm/config/systemes/search/findByNom?nom=test2 HTTP/1.1&quot; 401 None&#10;--------------------- &gt;&gt; end captured logging &lt;&lt; ---------------------"><![CDATA[  File "/usr/lib/python2.7/unittest/case.py", line 329, in run
    testMethod()
  File "/home/gauphi01@inspq.qc.ca/git/ansible/inspq/ansible/test/units/modules/identity/sx5/test_sx5_idm_system.py", line 48, in test_system_not_changed
    self.assertFalse(results['changed'])
'\'changed\'\n-------------------- >> begin captured logging << --------------------\nurllib3.connectionpool: DEBUG: Starting new HTTP connection (1): localhost\nurllib3.connectionpool: DEBUG: http://localhost:18081 "POST /auth/realms/master/protocol/openid-connect/token HTTP/1.1" 200 2035\nurllib3.connectionpool: DEBUG: Starting new HTTP connection (1): localhost\nurllib3.connectionpool: DEBUG: http://localhost:18085 "GET /idm/config/systemes/search/findByNom?nom=test2 HTTP/1.1" 401 None\nurllib3.connectionpool: DEBUG: Starting new HTTP connection (1): localhost\nurllib3.connectionpool: DEBUG: http://localhost:18081 "POST /auth/realms/master/protocol/openid-connect/token HTTP/1.1" 200 2035\nurllib3.connectionpool: DEBUG: Starting new HTTP connection (1): localhost\nurllib3.connectionpool: DEBUG: http://localhost:18085 "GET /idm/config/systemes/search/findByNom?nom=test2 HTTP/1.1" 401 None\n--------------------- >> end captured logging << ---------------------']]></error></testcase></testsuite>